Using pre-set license
Built from '2020.3/staging' branch; Version is '2020.3.11f1 (99c7afb366b3) revision 10078127'; Using compiler version '192528614'; Build Type 'Release'
OS: 'Windows 10 Home Single Language; OS build 19042.1415; Version 2009; 64bit' Language: 'en' Physical Memory: 8043 MB
BatchMode: 1, IsHumanControllingUs: 0, StartBugReporterOnCrash: 0, Is64bit: 1, IsPro: 0

 COMMAND LINE ARGUMENTS:
C:\Program Files\Unity\Hub\Editor\2020.3.11f1\Editor\Unity.exe
-adb2
-batchMode
-noUpm
-name
AssetImportWorker0
-projectPath
C:/git/Explorer-2D-Outscal
-logFile
Logs/AssetImportWorker0.log
-srvPort
60540
Successfully changed project path to: C:/git/Explorer-2D-Outscal
C:/git/Explorer-2D-Outscal
Using Asset Import Pipeline V2.
Refreshing native plugins compatible for Editor in 61.66 ms, found 3 plugins.
Preloading 0 native plugins for Editor in 0.00 ms.
Initialize engine version: 2020.3.11f1 (99c7afb366b3)
[Subsystems] Discovering subsystems at path C:/Program Files/Unity/Hub/Editor/2020.3.11f1/Editor/Data/Resources/UnitySubsystems
[Subsystems] Discovering subsystems at path C:/git/Explorer-2D-Outscal/Assets
GfxDevice: creating device client; threaded=0
Direct3D:
    Version:  Direct3D 11.0 [level 11.1]
    Renderer: NVIDIA GeForce GTX 1650 (ID=0x1f91)
    Vendor:   
    VRAM:     3962 MB
    Driver:   27.21.14.6172
Initialize mono
Mono path[0] = 'C:/Program Files/Unity/Hub/Editor/2020.3.11f1/Editor/Data/Managed'
Mono path[1] = 'C:/Program Files/Unity/Hub/Editor/2020.3.11f1/Editor/Data/MonoBleedingEdge/lib/mono/unityjit'
Mono config path = 'C:/Program Files/Unity/Hub/Editor/2020.3.11f1/Editor/Data/MonoBleedingEdge/etc'
Using monoOptions --debugger-agent=transport=dt_socket,embedding=1,server=y,suspend=n,address=127.0.0.1:56084
Begin MonoManager ReloadAssembly
Registering precompiled unity dll's ...
Register platform support module: C:/Program Files/Unity/Hub/Editor/2020.3.11f1/Editor/Data/PlaybackEngines/WindowsStandaloneSupport/UnityEditor.WindowsStandalone.Extensions.dll
Registered in 0.004027 seconds.
Native extension for WindowsStandalone target not found
Refreshing native plugins compatible for Editor in 58.57 ms, found 3 plugins.
Preloading 0 native plugins for Editor in 0.00 ms.
Mono: successfully reloaded assembly
- Completed reload, in  4.488 seconds
Platform modules already initialized, skipping
Registering precompiled user dll's ...
Registered in 0.012064 seconds.
Begin MonoManager ReloadAssembly
Native extension for WindowsStandalone target not found
Refreshing native plugins compatible for Editor in 68.47 ms, found 3 plugins.
Preloading 0 native plugins for Editor in 0.00 ms.
Mono: successfully reloaded assembly
- Completed reload, in  1.175 seconds
Platform modules already initialized, skipping
========================================================================
Worker process is ready to serve import requests
Launched and connected shader compiler UnityShaderCompiler.exe after 0.07 seconds
Refreshing native plugins compatible for Editor in 0.64 ms, found 3 plugins.
Preloading 0 native plugins for Editor in 0.00 ms.
Unloading 2569 Unused Serialized files (Serialized files now loaded: 0)
System memory in use before: 123.6 MB.
System memory in use after: 123.8 MB.

Unloading 28 unused Assets to reduce memory usage. Loaded Objects now: 3013.
Total: 6.602900 ms (FindLiveObjects: 0.242200 ms CreateObjectMapping: 0.107400 ms MarkObjects: 6.214500 ms  DeleteObjects: 0.037000 ms)

========================================================================
Received Import Request.
  path: Assets/script/level script/levelEnum.cs
  artifactKey: Guid(5462adf3ab7ff71469be4e2e0ac2d361) Importer(815301076,1909f56bfc062723c751e8b465ee728b)
Start importing Assets/script/level script/levelEnum.cs using Guid(5462adf3ab7ff71469be4e2e0ac2d361) Importer(815301076,1909f56bfc062723c751e8b465ee728b)  -> (artifact id: 'de0ae056879a2e621b9d8f312b1e7f2a') in 0.050091 seconds
  Import took 0.057150 seconds .

========================================================================
Received Prepare
Registering precompiled user dll's ...
Registered in 0.004714 seconds.
Begin MonoManager ReloadAssembly
Native extension for WindowsStandalone target not found
Refreshing native plugins compatible for Editor in 0.71 ms, found 3 plugins.
Preloading 0 native plugins for Editor in 0.00 ms.
Mono: successfully reloaded assembly
- Completed reload, in  1.146 seconds
Platform modules already initialized, skipping
Refreshing native plugins compatible for Editor in 0.66 ms, found 3 plugins.
Preloading 0 native plugins for Editor in 0.00 ms.
Unloading 2511 Unused Serialized files (Serialized files now loaded: 0)
System memory in use before: 118.6 MB.
System memory in use after: 118.8 MB.

Unloading 17 unused Assets to reduce memory usage. Loaded Objects now: 3016.
Total: 2.523800 ms (FindLiveObjects: 0.296400 ms CreateObjectMapping: 0.120100 ms MarkObjects: 2.088700 ms  DeleteObjects: 0.017000 ms)

========================================================================
Received Import Request.
  Time since last request: 6.848074 seconds.
  path: Assets/script/level script/levelManager.cs
  artifactKey: Guid(1378c920bbecb1743936d679c4379325) Importer(815301076,1909f56bfc062723c751e8b465ee728b)
Start importing Assets/script/level script/levelManager.cs using Guid(1378c920bbecb1743936d679c4379325) Importer(815301076,1909f56bfc062723c751e8b465ee728b)  -> (artifact id: '313d3b0f9f0399034428fb85d197f874') in 0.005955 seconds
  Import took 0.013343 seconds .

========================================================================
Received Prepare
Registering precompiled user dll's ...
Registered in 0.010563 seconds.
Begin MonoManager ReloadAssembly
Native extension for WindowsStandalone target not found
Refreshing native plugins compatible for Editor in 0.67 ms, found 3 plugins.
Preloading 0 native plugins for Editor in 0.00 ms.
Mono: successfully reloaded assembly
- Completed reload, in  0.990 seconds
Platform modules already initialized, skipping
Refreshing native plugins compatible for Editor in 0.81 ms, found 3 plugins.
Preloading 0 native plugins for Editor in 0.00 ms.
Unloading 2512 Unused Serialized files (Serialized files now loaded: 0)
System memory in use before: 118.6 MB.
System memory in use after: 118.9 MB.

Unloading 17 unused Assets to reduce memory usage. Loaded Objects now: 3020.
Total: 2.595800 ms (FindLiveObjects: 0.250900 ms CreateObjectMapping: 0.119800 ms MarkObjects: 2.205400 ms  DeleteObjects: 0.018800 ms)

========================================================================
Received Import Request.
  Time since last request: 21.360611 seconds.
  path: Assets/script/level script/levelStatus.cs
  artifactKey: Guid(5462adf3ab7ff71469be4e2e0ac2d361) Importer(815301076,1909f56bfc062723c751e8b465ee728b)
Start importing Assets/script/level script/levelStatus.cs using Guid(5462adf3ab7ff71469be4e2e0ac2d361) Importer(815301076,1909f56bfc062723c751e8b465ee728b)  -> (artifact id: '0e9400ea0843b9987bb5b26659c3ed09') in 0.008149 seconds
  Import took 0.015486 seconds .

========================================================================
Received Prepare
Registering precompiled user dll's ...
Registered in 0.004710 seconds.
Begin MonoManager ReloadAssembly
Native extension for WindowsStandalone target not found
Refreshing native plugins compatible for Editor in 0.71 ms, found 3 plugins.
Preloading 0 native plugins for Editor in 0.00 ms.
Mono: successfully reloaded assembly
- Completed reload, in  1.233 seconds
Platform modules already initialized, skipping
Refreshing native plugins compatible for Editor in 1.18 ms, found 3 plugins.
Preloading 0 native plugins for Editor in 0.00 ms.
Unloading 2512 Unused Serialized files (Serialized files now loaded: 0)
System memory in use before: 118.7 MB.
System memory in use after: 118.9 MB.

Unloading 17 unused Assets to reduce memory usage. Loaded Objects now: 3023.
Total: 2.903600 ms (FindLiveObjects: 0.374700 ms CreateObjectMapping: 0.129400 ms MarkObjects: 2.377900 ms  DeleteObjects: 0.020700 ms)

========================================================================
Received Import Request.
  Time since last request: 129.036758 seconds.
  path: Assets/script/level script/levelStatus.cs
  artifactKey: Guid(5462adf3ab7ff71469be4e2e0ac2d361) Importer(815301076,1909f56bfc062723c751e8b465ee728b)
Start importing Assets/script/level script/levelStatus.cs using Guid(5462adf3ab7ff71469be4e2e0ac2d361) Importer(815301076,1909f56bfc062723c751e8b465ee728b)  -> (artifact id: 'd37e333548d583d632caf348f5c86b3b') in 0.010030 seconds
  Import took 0.017184 seconds .

========================================================================
Received Prepare
Registering precompiled user dll's ...
Registered in 0.011395 seconds.
Begin MonoManager ReloadAssembly
Native extension for WindowsStandalone target not found
Refreshing native plugins compatible for Editor in 0.70 ms, found 3 plugins.
Preloading 0 native plugins for Editor in 0.00 ms.
Mono: successfully reloaded assembly
- Completed reload, in  1.043 seconds
Platform modules already initialized, skipping
Refreshing native plugins compatible for Editor in 0.70 ms, found 3 plugins.
Preloading 0 native plugins for Editor in 0.00 ms.
Unloading 2512 Unused Serialized files (Serialized files now loaded: 0)
System memory in use before: 118.7 MB.
System memory in use after: 118.9 MB.

Unloading 17 unused Assets to reduce memory usage. Loaded Objects now: 3026.
Total: 2.565300 ms (FindLiveObjects: 0.271700 ms CreateObjectMapping: 0.091400 ms MarkObjects: 2.183900 ms  DeleteObjects: 0.017100 ms)

========================================================================
Received Prepare
Registering precompiled user dll's ...
Registered in 0.004890 seconds.
Begin MonoManager ReloadAssembly
Native extension for WindowsStandalone target not found
Refreshing native plugins compatible for Editor in 0.65 ms, found 3 plugins.
Preloading 0 native plugins for Editor in 0.00 ms.
Mono: successfully reloaded assembly
- Completed reload, in  1.039 seconds
Platform modules already initialized, skipping
Refreshing native plugins compatible for Editor in 0.79 ms, found 3 plugins.
Preloading 0 native plugins for Editor in 0.00 ms.
Unloading 2512 Unused Serialized files (Serialized files now loaded: 0)
System memory in use before: 118.7 MB.
System memory in use after: 118.9 MB.

Unloading 17 unused Assets to reduce memory usage. Loaded Objects now: 3029.
Total: 2.812100 ms (FindLiveObjects: 0.393800 ms CreateObjectMapping: 0.119000 ms MarkObjects: 2.278400 ms  DeleteObjects: 0.019700 ms)

========================================================================
Received Import Request.
  Time since last request: 1255.178791 seconds.
  path: Assets/script/level script/levelManager.cs
  artifactKey: Guid(1378c920bbecb1743936d679c4379325) Importer(815301076,1909f56bfc062723c751e8b465ee728b)
Start importing Assets/script/level script/levelManager.cs using Guid(1378c920bbecb1743936d679c4379325) Importer(815301076,1909f56bfc062723c751e8b465ee728b)  -> (artifact id: 'a5f49b8d8f6cfb501b49f685fd826745') in 0.008649 seconds
  Import took 0.015550 seconds .

========================================================================
Received Import Request.
  Time since last request: 0.035412 seconds.
  path: Assets/script/level script/levelManager.cs
  artifactKey: Guid(1378c920bbecb1743936d679c4379325) Importer(815301076,1909f56bfc062723c751e8b465ee728b)
Start importing Assets/script/level script/levelManager.cs using Guid(1378c920bbecb1743936d679c4379325) Importer(815301076,1909f56bfc062723c751e8b465ee728b)  -> (artifact id: 'a5f49b8d8f6cfb501b49f685fd826745') in 0.002113 seconds
  Import took 0.007033 seconds .

========================================================================
Received Prepare
Registering precompiled user dll's ...
Registered in 0.011015 seconds.
Begin MonoManager ReloadAssembly
Native extension for WindowsStandalone target not found
Refreshing native plugins compatible for Editor in 0.68 ms, found 3 plugins.
Preloading 0 native plugins for Editor in 0.00 ms.
Mono: successfully reloaded assembly
- Completed reload, in  1.029 seconds
Platform modules already initialized, skipping
Refreshing native plugins compatible for Editor in 0.66 ms, found 3 plugins.
Preloading 0 native plugins for Editor in 0.00 ms.
Unloading 2512 Unused Serialized files (Serialized files now loaded: 0)
System memory in use before: 118.7 MB.
System memory in use after: 118.9 MB.

Unloading 17 unused Assets to reduce memory usage. Loaded Objects now: 3032.
Total: 2.376800 ms (FindLiveObjects: 0.254500 ms CreateObjectMapping: 0.099800 ms MarkObjects: 2.003300 ms  DeleteObjects: 0.017800 ms)

========================================================================
Received Prepare
Registering precompiled user dll's ...
Registered in 0.018433 seconds.
Begin MonoManager ReloadAssembly
Native extension for WindowsStandalone target not found
Refreshing native plugins compatible for Editor in 0.84 ms, found 3 plugins.
Preloading 0 native plugins for Editor in 0.00 ms.
Mono: successfully reloaded assembly
- Completed reload, in  1.136 seconds
Platform modules already initialized, skipping
Refreshing native plugins compatible for Editor in 0.72 ms, found 3 plugins.
Preloading 0 native plugins for Editor in 0.00 ms.
Unloading 2512 Unused Serialized files (Serialized files now loaded: 0)
System memory in use before: 118.7 MB.
System memory in use after: 119.0 MB.

Unloading 17 unused Assets to reduce memory usage. Loaded Objects now: 3035.
Total: 2.179900 ms (FindLiveObjects: 0.279800 ms CreateObjectMapping: 0.108900 ms MarkObjects: 1.774400 ms  DeleteObjects: 0.015900 ms)

========================================================================
Received Prepare
Registering precompiled user dll's ...
Registered in 0.008162 seconds.
Begin MonoManager ReloadAssembly
Native extension for WindowsStandalone target not found
Refreshing native plugins compatible for Editor in 0.68 ms, found 3 plugins.
Preloading 0 native plugins for Editor in 0.00 ms.
Mono: successfully reloaded assembly
- Completed reload, in  1.020 seconds
Platform modules already initialized, skipping
Refreshing native plugins compatible for Editor in 0.91 ms, found 3 plugins.
Preloading 0 native plugins for Editor in 0.00 ms.
Unloading 2512 Unused Serialized files (Serialized files now loaded: 0)
System memory in use before: 118.7 MB.
System memory in use after: 119.0 MB.

Unloading 17 unused Assets to reduce memory usage. Loaded Objects now: 3038.
Total: 8.428300 ms (FindLiveObjects: 0.514300 ms CreateObjectMapping: 0.121600 ms MarkObjects: 7.765800 ms  DeleteObjects: 0.025000 ms)

========================================================================
Received Prepare
Registering precompiled user dll's ...
Registered in 0.004961 seconds.
Begin MonoManager ReloadAssembly
Native extension for WindowsStandalone target not found
Refreshing native plugins compatible for Editor in 0.83 ms, found 3 plugins.
Preloading 0 native plugins for Editor in 0.00 ms.
Mono: successfully reloaded assembly
- Completed reload, in  0.989 seconds
Platform modules already initialized, skipping
Refreshing native plugins compatible for Editor in 0.71 ms, found 3 plugins.
Preloading 0 native plugins for Editor in 0.00 ms.
Unloading 2512 Unused Serialized files (Serialized files now loaded: 0)
System memory in use before: 118.7 MB.
System memory in use after: 119.0 MB.

Unloading 17 unused Assets to reduce memory usage. Loaded Objects now: 3041.
Total: 2.709000 ms (FindLiveObjects: 0.424400 ms CreateObjectMapping: 0.194500 ms MarkObjects: 2.063000 ms  DeleteObjects: 0.025800 ms)

========================================================================
Received Prepare
Registering precompiled user dll's ...
Registered in 0.004763 seconds.
Begin MonoManager ReloadAssembly
Native extension for WindowsStandalone target not found
Refreshing native plugins compatible for Editor in 0.67 ms, found 3 plugins.
Preloading 0 native plugins for Editor in 0.00 ms.
Mono: successfully reloaded assembly
- Completed reload, in  0.986 seconds
Platform modules already initialized, skipping
Refreshing native plugins compatible for Editor in 0.69 ms, found 3 plugins.
Preloading 0 native plugins for Editor in 0.00 ms.
Unloading 2512 Unused Serialized files (Serialized files now loaded: 0)
System memory in use before: 118.8 MB.
System memory in use after: 119.0 MB.

Unloading 17 unused Assets to reduce memory usage. Loaded Objects now: 3044.
Total: 2.286800 ms (FindLiveObjects: 0.250700 ms CreateObjectMapping: 0.093000 ms MarkObjects: 1.924500 ms  DeleteObjects: 0.017500 ms)

========================================================================
Received Import Request.
  Time since last request: 3394.621888 seconds.
  path: Assets/script/level script/levelFinishedCheck.cs
  artifactKey: Guid(71402094feba8b04e9c3771894d5fe95) Importer(815301076,1909f56bfc062723c751e8b465ee728b)
Start importing Assets/script/level script/levelFinishedCheck.cs using Guid(71402094feba8b04e9c3771894d5fe95) Importer(815301076,1909f56bfc062723c751e8b465ee728b)  -> (artifact id: '2884927484eae7f22fafeb1491662828') in 0.011252 seconds
  Import took 0.020172 seconds .

========================================================================
Received Import Request.
  Time since last request: 0.007226 seconds.
  path: Assets/script/level script/levelFinishedCheck.cs
  artifactKey: Guid(71402094feba8b04e9c3771894d5fe95) Importer(815301076,1909f56bfc062723c751e8b465ee728b)
Start importing Assets/script/level script/levelFinishedCheck.cs using Guid(71402094feba8b04e9c3771894d5fe95) Importer(815301076,1909f56bfc062723c751e8b465ee728b)  -> (artifact id: '2884927484eae7f22fafeb1491662828') in 0.002324 seconds
  Import took 0.009037 seconds .

========================================================================
Received Import Request.
  Time since last request: 7542.965646 seconds.
  path: Assets/script/level script/levelFinishedCheck.cs
  artifactKey: Guid(71402094feba8b04e9c3771894d5fe95) Importer(815301076,1909f56bfc062723c751e8b465ee728b)
Start importing Assets/script/level script/levelFinishedCheck.cs using Guid(71402094feba8b04e9c3771894d5fe95) Importer(815301076,1909f56bfc062723c751e8b465ee728b)  -> (artifact id: '063562321f6cea47a9d9f65129c2d92f') in 0.022299 seconds
  Import took 0.088012 seconds .

========================================================================
Received Import Request.
  Time since last request: 0.327295 seconds.
  path: Assets/script/level script/levelFinishedCheck.cs
  artifactKey: Guid(71402094feba8b04e9c3771894d5fe95) Importer(815301076,1909f56bfc062723c751e8b465ee728b)
Start importing Assets/script/level script/levelFinishedCheck.cs using Guid(71402094feba8b04e9c3771894d5fe95) Importer(815301076,1909f56bfc062723c751e8b465ee728b)  -> (artifact id: '063562321f6cea47a9d9f65129c2d92f') in 0.006587 seconds
  Import took 0.013123 seconds .

========================================================================
Received Prepare
Registering precompiled user dll's ...
Registered in 0.009208 seconds.
Begin MonoManager ReloadAssembly
Native extension for WindowsStandalone target not found
Refreshing native plugins compatible for Editor in 0.89 ms, found 3 plugins.
Preloading 0 native plugins for Editor in 0.00 ms.
Mono: successfully reloaded assembly
- Completed reload, in  1.253 seconds
Platform modules already initialized, skipping
Refreshing native plugins compatible for Editor in 0.69 ms, found 3 plugins.
Preloading 0 native plugins for Editor in 0.00 ms.
Unloading 2512 Unused Serialized files (Serialized files now loaded: 0)
System memory in use before: 118.8 MB.
System memory in use after: 119.0 MB.

Unloading 17 unused Assets to reduce memory usage. Loaded Objects now: 3047.
Total: 11.037500 ms (FindLiveObjects: 0.293500 ms CreateObjectMapping: 0.102300 ms MarkObjects: 10.607900 ms  DeleteObjects: 0.032400 ms)

========================================================================
Received Prepare
Registering precompiled user dll's ...
Registered in 0.004740 seconds.
Begin MonoManager ReloadAssembly
Native extension for WindowsStandalone target not found
Refreshing native plugins compatible for Editor in 0.70 ms, found 3 plugins.
Preloading 0 native plugins for Editor in 0.00 ms.
Mono: successfully reloaded assembly
- Completed reload, in  0.998 seconds
Platform modules already initialized, skipping
Refreshing native plugins compatible for Editor in 4.01 ms, found 3 plugins.
Preloading 0 native plugins for Editor in 0.00 ms.
Unloading 2512 Unused Serialized files (Serialized files now loaded: 0)
System memory in use before: 118.8 MB.
System memory in use after: 119.0 MB.

Unloading 17 unused Assets to reduce memory usage. Loaded Objects now: 3050.
Total: 2.249200 ms (FindLiveObjects: 0.271800 ms CreateObjectMapping: 0.104600 ms MarkObjects: 1.853700 ms  DeleteObjects: 0.018200 ms)

========================================================================
Received Prepare
Registering precompiled user dll's ...
Registered in 0.007599 seconds.
Begin MonoManager ReloadAssembly
Native extension for WindowsStandalone target not found
Refreshing native plugins compatible for Editor in 0.66 ms, found 3 plugins.
Preloading 0 native plugins for Editor in 0.00 ms.
Mono: successfully reloaded assembly
- Completed reload, in  0.962 seconds
Platform modules already initialized, skipping
Refreshing native plugins compatible for Editor in 0.66 ms, found 3 plugins.
Preloading 0 native plugins for Editor in 0.00 ms.
Unloading 2512 Unused Serialized files (Serialized files now loaded: 0)
System memory in use before: 118.8 MB.
System memory in use after: 119.0 MB.

Unloading 17 unused Assets to reduce memory usage. Loaded Objects now: 3053.
Total: 2.398300 ms (FindLiveObjects: 0.249900 ms CreateObjectMapping: 0.090000 ms MarkObjects: 2.039900 ms  DeleteObjects: 0.017500 ms)

========================================================================
Received Prepare
Registering precompiled user dll's ...
Registered in 0.004974 seconds.
Begin MonoManager ReloadAssembly
Native extension for WindowsStandalone target not found
Refreshing native plugins compatible for Editor in 0.67 ms, found 3 plugins.
Preloading 0 native plugins for Editor in 0.00 ms.
Mono: successfully reloaded assembly
- Completed reload, in  1.053 seconds
Platform modules already initialized, skipping
Refreshing native plugins compatible for Editor in 0.67 ms, found 3 plugins.
Preloading 0 native plugins for Editor in 0.00 ms.
Unloading 2512 Unused Serialized files (Serialized files now loaded: 0)
System memory in use before: 118.8 MB.
System memory in use after: 119.0 MB.

Unloading 17 unused Assets to reduce memory usage. Loaded Objects now: 3056.
Total: 2.634500 ms (FindLiveObjects: 0.361800 ms CreateObjectMapping: 0.135300 ms MarkObjects: 2.114900 ms  DeleteObjects: 0.021100 ms)

========================================================================
Received Import Request.
  Time since last request: 992.942351 seconds.
  path: Assets/script/level script/levelFinishedCheck.cs
  artifactKey: Guid(71402094feba8b04e9c3771894d5fe95) Importer(815301076,1909f56bfc062723c751e8b465ee728b)
Start importing Assets/script/level script/levelFinishedCheck.cs using Guid(71402094feba8b04e9c3771894d5fe95) Importer(815301076,1909f56bfc062723c751e8b465ee728b)  -> (artifact id: '331dbb7e5f17d9879ce05ebb60b99683') in 0.005709 seconds
  Import took 0.010506 seconds .

========================================================================
Received Prepare
Registering precompiled user dll's ...
Registered in 0.005455 seconds.
Begin MonoManager ReloadAssembly
Native extension for WindowsStandalone target not found
Refreshing native plugins compatible for Editor in 0.82 ms, found 3 plugins.
Preloading 0 native plugins for Editor in 0.00 ms.
Mono: successfully reloaded assembly
- Completed reload, in  1.063 seconds
Platform modules already initialized, skipping
Refreshing native plugins compatible for Editor in 0.69 ms, found 3 plugins.
Preloading 0 native plugins for Editor in 0.00 ms.
Unloading 2512 Unused Serialized files (Serialized files now loaded: 0)
System memory in use before: 118.8 MB.
System memory in use after: 119.0 MB.

Unloading 17 unused Assets to reduce memory usage. Loaded Objects now: 3059.
Total: 2.912700 ms (FindLiveObjects: 0.269000 ms CreateObjectMapping: 0.113500 ms MarkObjects: 2.508400 ms  DeleteObjects: 0.020500 ms)

========================================================================
Received Prepare
Registering precompiled user dll's ...
Registered in 0.004895 seconds.
Begin MonoManager ReloadAssembly
Native extension for WindowsStandalone target not found
Refreshing native plugins compatible for Editor in 1.00 ms, found 3 plugins.
Preloading 0 native plugins for Editor in 0.00 ms.
Mono: successfully reloaded assembly
- Completed reload, in  0.953 seconds
Platform modules already initialized, skipping
Refreshing native plugins compatible for Editor in 1.17 ms, found 3 plugins.
Preloading 0 native plugins for Editor in 0.00 ms.
Unloading 2512 Unused Serialized files (Serialized files now loaded: 0)
System memory in use before: 118.8 MB.
System memory in use after: 119.0 MB.

Unloading 17 unused Assets to reduce memory usage. Loaded Objects now: 3062.
Total: 2.635100 ms (FindLiveObjects: 0.296100 ms CreateObjectMapping: 0.111300 ms MarkObjects: 2.204800 ms  DeleteObjects: 0.021900 ms)

AssetImportWorkerClient::OnTransportError - code=2 error=End of file
