Using pre-set license
Built from '2020.3/staging' branch; Version is '2020.3.11f1 (99c7afb366b3) revision 10078127'; Using compiler version '192528614'; Build Type 'Release'
OS: 'Windows 10 Home Single Language; OS build 19042.1348; Version 2009; 64bit' Language: 'en' Physical Memory: 8043 MB
BatchMode: 1, IsHumanControllingUs: 0, StartBugReporterOnCrash: 0, Is64bit: 1, IsPro: 0

 COMMAND LINE ARGUMENTS:
C:\Program Files\Unity\Hub\Editor\2020.3.11f1\Editor\Unity.exe
-adb2
-batchMode
-noUpm
-name
AssetImportWorker0
-projectPath
C:/git/Explorer-2D-Outscal
-logFile
Logs/AssetImportWorker0.log
-srvPort
50030
Successfully changed project path to: C:/git/Explorer-2D-Outscal
C:/git/Explorer-2D-Outscal
Using Asset Import Pipeline V2.
Refreshing native plugins compatible for Editor in 61.92 ms, found 3 plugins.
Preloading 0 native plugins for Editor in 0.00 ms.
Initialize engine version: 2020.3.11f1 (99c7afb366b3)
[Subsystems] Discovering subsystems at path C:/Program Files/Unity/Hub/Editor/2020.3.11f1/Editor/Data/Resources/UnitySubsystems
[Subsystems] Discovering subsystems at path C:/git/Explorer-2D-Outscal/Assets
GfxDevice: creating device client; threaded=0
Direct3D:
    Version:  Direct3D 11.0 [level 11.1]
    Renderer: NVIDIA GeForce GTX 1650 (ID=0x1f91)
    Vendor:   
    VRAM:     3962 MB
    Driver:   27.21.14.6172
Initialize mono
Mono path[0] = 'C:/Program Files/Unity/Hub/Editor/2020.3.11f1/Editor/Data/Managed'
Mono path[1] = 'C:/Program Files/Unity/Hub/Editor/2020.3.11f1/Editor/Data/MonoBleedingEdge/lib/mono/unityjit'
Mono config path = 'C:/Program Files/Unity/Hub/Editor/2020.3.11f1/Editor/Data/MonoBleedingEdge/etc'
Using monoOptions --debugger-agent=transport=dt_socket,embedding=1,server=y,suspend=n,address=127.0.0.1:56688
Begin MonoManager ReloadAssembly
Registering precompiled unity dll's ...
Register platform support module: C:/Program Files/Unity/Hub/Editor/2020.3.11f1/Editor/Data/PlaybackEngines/WindowsStandaloneSupport/UnityEditor.WindowsStandalone.Extensions.dll
Registered in 0.002112 seconds.
Native extension for WindowsStandalone target not found
Refreshing native plugins compatible for Editor in 57.87 ms, found 3 plugins.
Preloading 0 native plugins for Editor in 0.00 ms.
Mono: successfully reloaded assembly
- Completed reload, in  1.731 seconds
Platform modules already initialized, skipping
Registering precompiled user dll's ...
Registered in 0.004792 seconds.
Begin MonoManager ReloadAssembly
Native extension for WindowsStandalone target not found
Refreshing native plugins compatible for Editor in 57.99 ms, found 3 plugins.
Preloading 0 native plugins for Editor in 0.00 ms.
Mono: successfully reloaded assembly
- Completed reload, in  1.103 seconds
Platform modules already initialized, skipping
========================================================================
Worker process is ready to serve import requests
Launched and connected shader compiler UnityShaderCompiler.exe after 0.06 seconds
Refreshing native plugins compatible for Editor in 1.24 ms, found 3 plugins.
Preloading 0 native plugins for Editor in 0.00 ms.
Unloading 2556 Unused Serialized files (Serialized files now loaded: 0)
System memory in use before: 118.3 MB.
System memory in use after: 118.4 MB.

Unloading 33 unused Assets to reduce memory usage. Loaded Objects now: 2996.
Total: 2.741700 ms (FindLiveObjects: 0.337400 ms CreateObjectMapping: 0.146100 ms MarkObjects: 2.128100 ms  DeleteObjects: 0.129000 ms)

========================================================================
Received Import Request.
  path: Assets/Assets/Scenes
  artifactKey: Guid(198e2995bb9ae7c408618961ab23f18a) Importer(815301076,1909f56bfc062723c751e8b465ee728b)
Start importing Assets/Assets/Scenes using Guid(198e2995bb9ae7c408618961ab23f18a) Importer(815301076,1909f56bfc062723c751e8b465ee728b)  -> (artifact id: 'bb8ae9e320149808a4d3d5b17cb5bbda') in 0.004676 seconds
  Import took 0.008527 seconds .

========================================================================
Received Import Request.
  Time since last request: 20.321674 seconds.
  path: Assets/Scenes/SampleScene.unity
  artifactKey: Guid(2cda990e2423bbf4892e6590ba056729) Importer(815301076,1909f56bfc062723c751e8b465ee728b)
Start importing Assets/Scenes/SampleScene.unity using Guid(2cda990e2423bbf4892e6590ba056729) Importer(815301076,1909f56bfc062723c751e8b465ee728b)  -> (artifact id: 'aa27944bdea339c97c39027c7eea529c') in 0.009774 seconds
  Import took 0.016766 seconds .

========================================================================
Received Import Request.
  Time since last request: 947.783968 seconds.
  path: Assets/Assets/2DGamekit/Art/Sprites/AnimatedSprites/Ellen/Animations/Idle/player.controller
  artifactKey: Guid(eb8b5c82c5ca20a4a8d2041fc9eb85a0) Importer(815301076,1909f56bfc062723c751e8b465ee728b)
Start importing Assets/Assets/2DGamekit/Art/Sprites/AnimatedSprites/Ellen/Animations/Idle/player.controller using Guid(eb8b5c82c5ca20a4a8d2041fc9eb85a0) Importer(815301076,1909f56bfc062723c751e8b465ee728b)  -> (artifact id: '6d3979fc1c7c17c719c21adc426d7708') in 0.036671 seconds
  Import took 0.043223 seconds .

========================================================================
Received Import Request.
  Time since last request: 17.455712 seconds.
  path: Assets/Animations
  artifactKey: Guid(93524a8225e64504393eabd2e7332f34) Importer(815301076,1909f56bfc062723c751e8b465ee728b)
Start importing Assets/Animations using Guid(93524a8225e64504393eabd2e7332f34) Importer(815301076,1909f56bfc062723c751e8b465ee728b)  -> (artifact id: 'e9f6c42e0ee41fb5503562b61cc42c6e') in 0.003434 seconds
  Import took 0.010052 seconds .

========================================================================
Received Import Request.
  Time since last request: 1.634869 seconds.
  path: Assets/player.controller
  artifactKey: Guid(eb8b5c82c5ca20a4a8d2041fc9eb85a0) Importer(815301076,1909f56bfc062723c751e8b465ee728b)
Start importing Assets/player.controller using Guid(eb8b5c82c5ca20a4a8d2041fc9eb85a0) Importer(815301076,1909f56bfc062723c751e8b465ee728b)  -> (artifact id: 'f95c1fb8c868ec44971f0d9a7e931e0f') in 0.004593 seconds
  Import took 0.010429 seconds .

========================================================================
Received Import Request.
  Time since last request: 0.461983 seconds.
  path: Assets/player_idle.anim
  artifactKey: Guid(4ff4faa70c0df9f469c8c37221d34d83) Importer(815301076,1909f56bfc062723c751e8b465ee728b)
Start importing Assets/player_idle.anim using Guid(4ff4faa70c0df9f469c8c37221d34d83) Importer(815301076,1909f56bfc062723c751e8b465ee728b)  -> (artifact id: '6c3ec6cf14695df7cb5642eea02b3996') in 0.004781 seconds
  Import took 0.009089 seconds .

========================================================================
Received Import Request.
  Time since last request: 0.006769 seconds.
  path: Assets/player_idle.anim
  artifactKey: Guid(4ff4faa70c0df9f469c8c37221d34d83) Importer(815301076,1909f56bfc062723c751e8b465ee728b)
Start importing Assets/player_idle.anim using Guid(4ff4faa70c0df9f469c8c37221d34d83) Importer(815301076,1909f56bfc062723c751e8b465ee728b)  -> (artifact id: '6c3ec6cf14695df7cb5642eea02b3996') in 0.002308 seconds
  Import took 0.006828 seconds .

========================================================================
Received Import Request.
  Time since last request: 146.757772 seconds.
  path: Assets/Assets/2DGamekit/Art/Sprites/AnimatedSprites/Ellen/Animations/Hurt
  artifactKey: Guid(23fabdc2f94d518419df7953889c59b2) Importer(815301076,1909f56bfc062723c751e8b465ee728b)
Start importing Assets/Assets/2DGamekit/Art/Sprites/AnimatedSprites/Ellen/Animations/Hurt using Guid(23fabdc2f94d518419df7953889c59b2) Importer(815301076,1909f56bfc062723c751e8b465ee728b)  -> (artifact id: '6a00279f206a8386de32b73992092344') in 0.003751 seconds
  Import took 0.009777 seconds .

========================================================================
Received Import Request.
  Time since last request: 0.075693 seconds.
  path: Assets/Assets/2DGamekit/Art/Sprites/AnimatedSprites/Ellen/Animations/Hurt/Anim_HURT_00007.png
  artifactKey: Guid(575f490323d76254ab8d5d4cd472a3ea) Importer(815301076,1909f56bfc062723c751e8b465ee728b)
Start importing Assets/Assets/2DGamekit/Art/Sprites/AnimatedSprites/Ellen/Animations/Hurt/Anim_HURT_00007.png using Guid(575f490323d76254ab8d5d4cd472a3ea) Importer(815301076,1909f56bfc062723c751e8b465ee728b)  -> (artifact id: 'f93b48be4102537a8bdaff1c05c38247') in 0.080814 seconds
  Import took 0.084763 seconds .

========================================================================
Received Import Request.
  Time since last request: 0.000313 seconds.
  path: Assets/Assets/2DGamekit/Art/Sprites/AnimatedSprites/Ellen/Animations/Hurt/Anim_HURT_00009.png
  artifactKey: Guid(0adb3b85a77225b42823314ce0caedd3) Importer(815301076,1909f56bfc062723c751e8b465ee728b)
Start importing Assets/Assets/2DGamekit/Art/Sprites/AnimatedSprites/Ellen/Animations/Hurt/Anim_HURT_00009.png using Guid(0adb3b85a77225b42823314ce0caedd3) Importer(815301076,1909f56bfc062723c751e8b465ee728b)  -> (artifact id: 'a34523ca64ed297d68042c315bae9528') in 0.017417 seconds
  Import took 0.023595 seconds .

========================================================================
Received Import Request.
  Time since last request: 0.000295 seconds.
  path: Assets/Assets/2DGamekit/Art/Sprites/AnimatedSprites/Ellen/Animations/Hurt/Anim_HURT_00013.png
  artifactKey: Guid(1b0ea6ee3d93339468688584fa8f3bb9) Importer(815301076,1909f56bfc062723c751e8b465ee728b)
Start importing Assets/Assets/2DGamekit/Art/Sprites/AnimatedSprites/Ellen/Animations/Hurt/Anim_HURT_00013.png using Guid(1b0ea6ee3d93339468688584fa8f3bb9) Importer(815301076,1909f56bfc062723c751e8b465ee728b)  -> (artifact id: '71f56a4f1157f5ab4d2bb98ca1ebee88') in 0.016844 seconds
  Import took 0.026365 seconds .

========================================================================
Received Import Request.
  Time since last request: 0.000244 seconds.
  path: Assets/Assets/2DGamekit/Art/Sprites/AnimatedSprites/Ellen/Animations/Hurt/Anim_HURT_00015.png
  artifactKey: Guid(8def3b866cd238f4a928439e0a5a8907) Importer(815301076,1909f56bfc062723c751e8b465ee728b)
Start importing Assets/Assets/2DGamekit/Art/Sprites/AnimatedSprites/Ellen/Animations/Hurt/Anim_HURT_00015.png using Guid(8def3b866cd238f4a928439e0a5a8907) Importer(815301076,1909f56bfc062723c751e8b465ee728b)  -> (artifact id: '8a97f6c7f67a8272ed60811fcf7220ee') in 0.024390 seconds
  Import took 0.031165 seconds .

========================================================================
Received Import Request.
  Time since last request: 0.000298 seconds.
  path: Assets/Assets/2DGamekit/Art/Sprites/AnimatedSprites/Ellen/Animations/Hurt/Anim_HURT_00011.png
  artifactKey: Guid(f645b6da0a4688d4288e29bcffabc941) Importer(815301076,1909f56bfc062723c751e8b465ee728b)
Start importing Assets/Assets/2DGamekit/Art/Sprites/AnimatedSprites/Ellen/Animations/Hurt/Anim_HURT_00011.png using Guid(f645b6da0a4688d4288e29bcffabc941) Importer(815301076,1909f56bfc062723c751e8b465ee728b)  -> (artifact id: '8b7880b2e4a93ce884cf5e1a20d10d24') in 0.016378 seconds
  Import took 0.024884 seconds .

========================================================================
Received Import Request.
  Time since last request: 27.685603 seconds.
  path: Assets/Assets/2DGamekit/Art/Sprites/AnimatedSprites/Ellen/Animations/Walk
  artifactKey: Guid(05f7a159e3a3cc64086406f9c463b4fe) Importer(815301076,1909f56bfc062723c751e8b465ee728b)
Start importing Assets/Assets/2DGamekit/Art/Sprites/AnimatedSprites/Ellen/Animations/Walk using Guid(05f7a159e3a3cc64086406f9c463b4fe) Importer(815301076,1909f56bfc062723c751e8b465ee728b)  -> (artifact id: 'd01693c42d625eb7860c4253856a22e1') in 0.003308 seconds
  Import took 0.009223 seconds .

========================================================================
Received Import Request.
  Time since last request: 1.100239 seconds.
  path: Assets/Assets/2DGamekit/Art/Sprites/AnimatedSprites/Ellen/Animations/Run
  artifactKey: Guid(71cd489115374f641b38398e137a023d) Importer(815301076,1909f56bfc062723c751e8b465ee728b)
Start importing Assets/Assets/2DGamekit/Art/Sprites/AnimatedSprites/Ellen/Animations/Run using Guid(71cd489115374f641b38398e137a023d) Importer(815301076,1909f56bfc062723c751e8b465ee728b)  -> (artifact id: 'c425f08a83dd6daaebc029f32e5246a0') in 0.002171 seconds
  Import took 0.009124 seconds .

========================================================================
Received Import Request.
  Time since last request: 3.324411 seconds.
  path: Assets/Assets/2DGamekit/Art/Sprites/AnimatedSprites/Ellen/Animations/Run/ELLEN_RUN_NoGun_01.png
  artifactKey: Guid(ff33d6adfeac52e419af23fad2d0abfd) Importer(815301076,1909f56bfc062723c751e8b465ee728b)
Start importing Assets/Assets/2DGamekit/Art/Sprites/AnimatedSprites/Ellen/Animations/Run/ELLEN_RUN_NoGun_01.png using Guid(ff33d6adfeac52e419af23fad2d0abfd) Importer(815301076,1909f56bfc062723c751e8b465ee728b)  -> (artifact id: 'a7c11730d638770684883f547d8cdb0e') in 0.014665 seconds
  Import took 0.019199 seconds .

========================================================================
Received Import Request.
  Time since last request: 0.000314 seconds.
  path: Assets/Assets/2DGamekit/Art/Sprites/AnimatedSprites/Ellen/Animations/Run/ELLEN_RUN_NoGun_11.png
  artifactKey: Guid(5d25d9e1de070994db63a462e89932d7) Importer(815301076,1909f56bfc062723c751e8b465ee728b)
Start importing Assets/Assets/2DGamekit/Art/Sprites/AnimatedSprites/Ellen/Animations/Run/ELLEN_RUN_NoGun_11.png using Guid(5d25d9e1de070994db63a462e89932d7) Importer(815301076,1909f56bfc062723c751e8b465ee728b)  -> (artifact id: '52f51f11e8c4ab6b8d769149040610c8') in 0.015662 seconds
  Import took 0.019823 seconds .

========================================================================
Received Import Request.
  Time since last request: 0.000249 seconds.
  path: Assets/Assets/2DGamekit/Art/Sprites/AnimatedSprites/Ellen/Animations/Run/ELLEN_RUN_NoGun_17.png
  artifactKey: Guid(690102d87edd7d047824362d73a02788) Importer(815301076,1909f56bfc062723c751e8b465ee728b)
Start importing Assets/Assets/2DGamekit/Art/Sprites/AnimatedSprites/Ellen/Animations/Run/ELLEN_RUN_NoGun_17.png using Guid(690102d87edd7d047824362d73a02788) Importer(815301076,1909f56bfc062723c751e8b465ee728b)  -> (artifact id: '86766bbc32c304aa1ac61638079f14bf') in 0.019722 seconds
  Import took 0.026965 seconds .

========================================================================
Received Import Request.
  Time since last request: 0.000249 seconds.
  path: Assets/Assets/2DGamekit/Art/Sprites/AnimatedSprites/Ellen/Animations/Run/ELLEN_RUN_NoGun_08.png
  artifactKey: Guid(dfd2eca0b8de7a443a0b28c6466f55ba) Importer(815301076,1909f56bfc062723c751e8b465ee728b)
Start importing Assets/Assets/2DGamekit/Art/Sprites/AnimatedSprites/Ellen/Animations/Run/ELLEN_RUN_NoGun_08.png using Guid(dfd2eca0b8de7a443a0b28c6466f55ba) Importer(815301076,1909f56bfc062723c751e8b465ee728b)  -> (artifact id: 'e2967e7ae9bdedcfcf74af358570b80d') in 0.017451 seconds
  Import took 0.025245 seconds .

========================================================================
Received Import Request.
  Time since last request: 0.000340 seconds.
  path: Assets/Assets/2DGamekit/Art/Sprites/AnimatedSprites/Ellen/Animations/Run/ELLEN_RUN_NoGun_18.png
  artifactKey: Guid(5cdf5107efb2e8c4d980153f752a57c1) Importer(815301076,1909f56bfc062723c751e8b465ee728b)
Start importing Assets/Assets/2DGamekit/Art/Sprites/AnimatedSprites/Ellen/Animations/Run/ELLEN_RUN_NoGun_18.png using Guid(5cdf5107efb2e8c4d980153f752a57c1) Importer(815301076,1909f56bfc062723c751e8b465ee728b)  -> (artifact id: 'a8b3e90b2b665545ac8ffca7a4df39a7') in 0.018558 seconds
  Import took 0.024187 seconds .

========================================================================
Received Import Request.
  Time since last request: 0.000313 seconds.
  path: Assets/Assets/2DGamekit/Art/Sprites/AnimatedSprites/Ellen/Animations/Run/ELLEN_RUN_NoGun_19.png
  artifactKey: Guid(3b3834ff0aab3d849bca2adc0c0d5f84) Importer(815301076,1909f56bfc062723c751e8b465ee728b)
Start importing Assets/Assets/2DGamekit/Art/Sprites/AnimatedSprites/Ellen/Animations/Run/ELLEN_RUN_NoGun_19.png using Guid(3b3834ff0aab3d849bca2adc0c0d5f84) Importer(815301076,1909f56bfc062723c751e8b465ee728b)  -> (artifact id: '63050702466945ac07c54d818dae38a7') in 0.019715 seconds
  Import took 0.028125 seconds .

========================================================================
Received Import Request.
  Time since last request: 0.000241 seconds.
  path: Assets/Assets/2DGamekit/Art/Sprites/AnimatedSprites/Ellen/Animations/Run/ELLEN_RUN_NoGun_20.png
  artifactKey: Guid(d3c1e30225625c14e9bf351c35be2fd9) Importer(815301076,1909f56bfc062723c751e8b465ee728b)
Start importing Assets/Assets/2DGamekit/Art/Sprites/AnimatedSprites/Ellen/Animations/Run/ELLEN_RUN_NoGun_20.png using Guid(d3c1e30225625c14e9bf351c35be2fd9) Importer(815301076,1909f56bfc062723c751e8b465ee728b)  -> (artifact id: 'd9b1c9386a58dbc9479ce11bf3a5125a') in 0.020220 seconds
  Import took 0.027617 seconds .

========================================================================
Received Import Request.
  Time since last request: 0.000229 seconds.
  path: Assets/Assets/2DGamekit/Art/Sprites/AnimatedSprites/Ellen/Animations/Run/ELLEN_RUN_NoGun_15.png
  artifactKey: Guid(eb350ede4895d6d418689eb126b772cb) Importer(815301076,1909f56bfc062723c751e8b465ee728b)
Start importing Assets/Assets/2DGamekit/Art/Sprites/AnimatedSprites/Ellen/Animations/Run/ELLEN_RUN_NoGun_15.png using Guid(eb350ede4895d6d418689eb126b772cb) Importer(815301076,1909f56bfc062723c751e8b465ee728b)  -> (artifact id: '8d485af7382daa91d50a1ecbab6bb10a') in 0.015588 seconds
  Import took 0.023099 seconds .

========================================================================
Received Import Request.
  Time since last request: 0.000393 seconds.
  path: Assets/Assets/2DGamekit/Art/Sprites/AnimatedSprites/Ellen/Animations/Run/ELLEN_RUN_NoGun_21.png
  artifactKey: Guid(88f2ac18ae0c71845bc1d47bd924f8a8) Importer(815301076,1909f56bfc062723c751e8b465ee728b)
Start importing Assets/Assets/2DGamekit/Art/Sprites/AnimatedSprites/Ellen/Animations/Run/ELLEN_RUN_NoGun_21.png using Guid(88f2ac18ae0c71845bc1d47bd924f8a8) Importer(815301076,1909f56bfc062723c751e8b465ee728b)  -> (artifact id: '00265b9f84cd908342f1706cfd07f02d') in 0.021243 seconds
  Import took 0.029393 seconds .

========================================================================
Received Import Request.
  Time since last request: 0.000291 seconds.
  path: Assets/Assets/2DGamekit/Art/Sprites/AnimatedSprites/Ellen/Animations/Run/ELLEN_RUN_NoGun_12.png
  artifactKey: Guid(9989c37dedfecfa4591fd9f1821713cb) Importer(815301076,1909f56bfc062723c751e8b465ee728b)
Start importing Assets/Assets/2DGamekit/Art/Sprites/AnimatedSprites/Ellen/Animations/Run/ELLEN_RUN_NoGun_12.png using Guid(9989c37dedfecfa4591fd9f1821713cb) Importer(815301076,1909f56bfc062723c751e8b465ee728b)  -> (artifact id: 'e10b4b596cd6aa85028f5d42b7c9d5ff') in 0.021708 seconds
  Import took 0.027198 seconds .

========================================================================
Received Import Request.
  Time since last request: 0.000729 seconds.
  path: Assets/Assets/2DGamekit/Art/Sprites/AnimatedSprites/Ellen/Animations/Run/ELLEN_RUN_NoGun_02.png
  artifactKey: Guid(12ea17332fa174442af48960686e1769) Importer(815301076,1909f56bfc062723c751e8b465ee728b)
Start importing Assets/Assets/2DGamekit/Art/Sprites/AnimatedSprites/Ellen/Animations/Run/ELLEN_RUN_NoGun_02.png using Guid(12ea17332fa174442af48960686e1769) Importer(815301076,1909f56bfc062723c751e8b465ee728b)  -> (artifact id: 'f6be9f26b8db9071619382fe0dc74aa0') in 0.019961 seconds
  Import took 0.029442 seconds .

========================================================================
Received Import Request.
  Time since last request: 0.000298 seconds.
  path: Assets/Assets/2DGamekit/Art/Sprites/AnimatedSprites/Ellen/Animations/Run/ELLEN_RUN_NoGun_13.png
  artifactKey: Guid(89339a864e8d9994ea7c9531ae92e67e) Importer(815301076,1909f56bfc062723c751e8b465ee728b)
Start importing Assets/Assets/2DGamekit/Art/Sprites/AnimatedSprites/Ellen/Animations/Run/ELLEN_RUN_NoGun_13.png using Guid(89339a864e8d9994ea7c9531ae92e67e) Importer(815301076,1909f56bfc062723c751e8b465ee728b)  -> (artifact id: 'a972062115f33a12259d63f7a6b45710') in 0.016845 seconds
  Import took 0.025440 seconds .

========================================================================
Received Import Request.
  Time since last request: 0.001425 seconds.
  path: Assets/Assets/2DGamekit/Art/Sprites/AnimatedSprites/Ellen/Animations/Run/ELLEN_RUN_NoGun_07.png
  artifactKey: Guid(2eaa4938329e1204ca267982a8cdb3fa) Importer(815301076,1909f56bfc062723c751e8b465ee728b)
Start importing Assets/Assets/2DGamekit/Art/Sprites/AnimatedSprites/Ellen/Animations/Run/ELLEN_RUN_NoGun_07.png using Guid(2eaa4938329e1204ca267982a8cdb3fa) Importer(815301076,1909f56bfc062723c751e8b465ee728b)  -> (artifact id: '55f2477ad50aefdde438c5ec42eba001') in 0.019286 seconds
  Import took 0.027377 seconds .

========================================================================
Received Import Request.
  Time since last request: 0.000294 seconds.
  path: Assets/Assets/2DGamekit/Art/Sprites/AnimatedSprites/Ellen/Animations/Run/ELLEN_RUN_NoGun_16.png
  artifactKey: Guid(79d7163dfd26ad748bf88cdc6b98d2f5) Importer(815301076,1909f56bfc062723c751e8b465ee728b)
Start importing Assets/Assets/2DGamekit/Art/Sprites/AnimatedSprites/Ellen/Animations/Run/ELLEN_RUN_NoGun_16.png using Guid(79d7163dfd26ad748bf88cdc6b98d2f5) Importer(815301076,1909f56bfc062723c751e8b465ee728b)  -> (artifact id: '4435cb93a83f0bec729981710040a428') in 0.019566 seconds
  Import took 0.026993 seconds .

========================================================================
Received Import Request.
  Time since last request: 0.000318 seconds.
  path: Assets/Assets/2DGamekit/Art/Sprites/AnimatedSprites/Ellen/Animations/Run/ELLEN_RUN_NoGun_09.png
  artifactKey: Guid(301fc9f2a0405ee45ad84f7b550051d5) Importer(815301076,1909f56bfc062723c751e8b465ee728b)
Start importing Assets/Assets/2DGamekit/Art/Sprites/AnimatedSprites/Ellen/Animations/Run/ELLEN_RUN_NoGun_09.png using Guid(301fc9f2a0405ee45ad84f7b550051d5) Importer(815301076,1909f56bfc062723c751e8b465ee728b)  -> (artifact id: '7b9b6e9c0b0fadc367aad71d1fdb169e') in 0.022507 seconds
  Import took 0.030576 seconds .

========================================================================
Received Import Request.
  Time since last request: 0.000289 seconds.
  path: Assets/Assets/2DGamekit/Art/Sprites/AnimatedSprites/Ellen/Animations/Run/ELLEN_RUN_NoGun_06.png
  artifactKey: Guid(a4cfd522aaaa4ac45980e1828c8dea2c) Importer(815301076,1909f56bfc062723c751e8b465ee728b)
Start importing Assets/Assets/2DGamekit/Art/Sprites/AnimatedSprites/Ellen/Animations/Run/ELLEN_RUN_NoGun_06.png using Guid(a4cfd522aaaa4ac45980e1828c8dea2c) Importer(815301076,1909f56bfc062723c751e8b465ee728b)  -> (artifact id: '4b58c33e1021617b86e24cfd8910ce36') in 0.024218 seconds
  Import took 0.031378 seconds .

========================================================================
Received Import Request.
  Time since last request: 0.000253 seconds.
  path: Assets/Assets/2DGamekit/Art/Sprites/AnimatedSprites/Ellen/Animations/Run/ELLEN_RUN_NoGun_14.png
  artifactKey: Guid(453c8803862e72b43ad3652b8fe03437) Importer(815301076,1909f56bfc062723c751e8b465ee728b)
Start importing Assets/Assets/2DGamekit/Art/Sprites/AnimatedSprites/Ellen/Animations/Run/ELLEN_RUN_NoGun_14.png using Guid(453c8803862e72b43ad3652b8fe03437) Importer(815301076,1909f56bfc062723c751e8b465ee728b)  -> (artifact id: 'd01cc274384fd47b9da4a5bf1c3a66bb') in 0.022694 seconds
  Import took 0.030007 seconds .

========================================================================
Received Import Request.
  Time since last request: 0.000244 seconds.
  path: Assets/Assets/2DGamekit/Art/Sprites/AnimatedSprites/Ellen/Animations/Run/ELLEN_RUN_NoGun_04.png
  artifactKey: Guid(3a5b7c781691c8642af63e9c1e6c14de) Importer(815301076,1909f56bfc062723c751e8b465ee728b)
Start importing Assets/Assets/2DGamekit/Art/Sprites/AnimatedSprites/Ellen/Animations/Run/ELLEN_RUN_NoGun_04.png using Guid(3a5b7c781691c8642af63e9c1e6c14de) Importer(815301076,1909f56bfc062723c751e8b465ee728b)  -> (artifact id: 'e3c7af7427479975acbf01b9f797d56c') in 0.020597 seconds
  Import took 0.026783 seconds .

========================================================================
Received Import Request.
  Time since last request: 0.000367 seconds.
  path: Assets/Assets/2DGamekit/Art/Sprites/AnimatedSprites/Ellen/Animations/Run/ELLEN_RUN_NoGun_03.png
  artifactKey: Guid(45ed26a75477df843a013176e95192a9) Importer(815301076,1909f56bfc062723c751e8b465ee728b)
Start importing Assets/Assets/2DGamekit/Art/Sprites/AnimatedSprites/Ellen/Animations/Run/ELLEN_RUN_NoGun_03.png using Guid(45ed26a75477df843a013176e95192a9) Importer(815301076,1909f56bfc062723c751e8b465ee728b)  -> (artifact id: 'd5f456ef94292ff3ee60462dd24d30b3') in 0.019346 seconds
  Import took 0.028727 seconds .

========================================================================
Received Import Request.
  Time since last request: 0.000302 seconds.
  path: Assets/Assets/2DGamekit/Art/Sprites/AnimatedSprites/Ellen/Animations/Run/ELLEN_RUN_NoGun_22.png
  artifactKey: Guid(37547022c0607c544915b3089832635d) Importer(815301076,1909f56bfc062723c751e8b465ee728b)
Start importing Assets/Assets/2DGamekit/Art/Sprites/AnimatedSprites/Ellen/Animations/Run/ELLEN_RUN_NoGun_22.png using Guid(37547022c0607c544915b3089832635d) Importer(815301076,1909f56bfc062723c751e8b465ee728b)  -> (artifact id: '0ee4b09b8da3ce404244f00cb5cd963e') in 0.018825 seconds
  Import took 0.026984 seconds .

========================================================================
Received Import Request.
  Time since last request: 0.000300 seconds.
  path: Assets/Assets/2DGamekit/Art/Sprites/AnimatedSprites/Ellen/Animations/Run/ELLEN_RUN_NoGun_10.png
  artifactKey: Guid(05df8025a12814d46b434681a6989133) Importer(815301076,1909f56bfc062723c751e8b465ee728b)
Start importing Assets/Assets/2DGamekit/Art/Sprites/AnimatedSprites/Ellen/Animations/Run/ELLEN_RUN_NoGun_10.png using Guid(05df8025a12814d46b434681a6989133) Importer(815301076,1909f56bfc062723c751e8b465ee728b)  -> (artifact id: '8038967b8655776a002ea1f0463199e7') in 0.018851 seconds
  Import took 0.026912 seconds .

========================================================================
Received Import Request.
  Time since last request: 0.000367 seconds.
  path: Assets/Assets/2DGamekit/Art/Sprites/AnimatedSprites/Ellen/Animations/Run/ELLEN_RUN_NoGun_05.png
  artifactKey: Guid(87e29b609bb169245a2df3d89266630c) Importer(815301076,1909f56bfc062723c751e8b465ee728b)
Start importing Assets/Assets/2DGamekit/Art/Sprites/AnimatedSprites/Ellen/Animations/Run/ELLEN_RUN_NoGun_05.png using Guid(87e29b609bb169245a2df3d89266630c) Importer(815301076,1909f56bfc062723c751e8b465ee728b)  -> (artifact id: 'e215e315cf199f769ae1cf43ffb1a884') in 0.021564 seconds
  Import took 0.028868 seconds .

========================================================================
Received Prepare
Registering precompiled user dll's ...
Registered in 0.007700 seconds.
Begin MonoManager ReloadAssembly
Native extension for WindowsStandalone target not found
Refreshing native plugins compatible for Editor in 0.70 ms, found 3 plugins.
Preloading 0 native plugins for Editor in 0.00 ms.
Mono: successfully reloaded assembly
- Completed reload, in  0.973 seconds
Platform modules already initialized, skipping
Refreshing native plugins compatible for Editor in 0.75 ms, found 3 plugins.
Preloading 0 native plugins for Editor in 0.00 ms.
Unloading 2503 Unused Serialized files (Serialized files now loaded: 0)
System memory in use before: 116.7 MB.
System memory in use after: 116.8 MB.

Unloading 22 unused Assets to reduce memory usage. Loaded Objects now: 3005.
Total: 2.321000 ms (FindLiveObjects: 0.246700 ms CreateObjectMapping: 0.110800 ms MarkObjects: 1.850400 ms  DeleteObjects: 0.112000 ms)

